0 info it worked if it ends with ok
1 verbose cli [ '/usr/local/Cellar/node/0.10.0/bin/node',
1 verbose cli   '/usr/local/bin/npm',
1 verbose cli   'start' ]
2 info using npm@1.2.14
3 info using node@v0.10.0
4 verbose read json /private/var/.home/infotech/local/refresh2013/package.json
5 verbose run-script [ 'prestart', 'start', 'poststart' ]
6 info prestart MSU-Denver-refresh-2013@0.0.1
7 info start MSU-Denver-refresh-2013@0.0.1
8 verbose unsafe-perm in lifecycle true
9 silly exec sh "-c" "node app.js"
10 silly sh,-c,node app.js,/private/var/.home/infotech/local/refresh2013 spawning
11 info MSU-Denver-refresh-2013@0.0.1 Failed to exec start script
12 error MSU-Denver-refresh-2013@0.0.1 start: `node app.js`
12 error `sh "-c" "node app.js"` failed with 8
13 error Failed at the MSU-Denver-refresh-2013@0.0.1 start script.
13 error This is most likely a problem with the MSU-Denver-refresh-2013 package,
13 error not with npm itself.
13 error Tell the author that this fails on your system:
13 error     node app.js
13 error You can get their info via:
13 error     npm owner ls MSU-Denver-refresh-2013
13 error There is likely additional logging output above.
14 error System Darwin 12.4.0
15 error command "/usr/local/Cellar/node/0.10.0/bin/node" "/usr/local/bin/npm" "start"
16 error cwd /private/var/.home/infotech/local/refresh2013
17 error node -v v0.10.0
18 error npm -v 1.2.14
19 error code ELIFECYCLE
20 verbose exit [ 1, true ]
